<?xml version="1.0" encoding="UTF-8"?>
<testsuite xmlns:xsi="http://www.w3.org/2001/XMLSchema-instance" xsi:noNamespaceSchemaLocation="https://maven.apache.org/surefire/maven-surefire-plugin/xsd/surefire-test-report.xsd" name="com.example.demo.controller.PokeListControllerIntegrationTest" time="11.898" tests="6" errors="0" skipped="6" failures="0">
  <properties>
[...]
</properties>
  <testcase name="deletePokeListTest" classname="com.example.demo.controller.PokeListControllerIntegrationTest" time="0">
    <skipped message="public void com.example.demo.controller.PokeListControllerIntegrationTest.deletePokeListTest() throws java.lang.Exception is @Disabled"/>
    <system-out><![CDATA[15:46:58.888 [main] DEBUG org.springframework.test.context.BootstrapUtils - Instantiating CacheAwareContextLoaderDelegate from class [org.springframework.test.context.cache.DefaultCacheAwareContextLoaderDelegate]
15:46:58.929 [main] DEBUG org.springframework.test.context.BootstrapUtils - Instantiating BootstrapContext using constructor [public org.springframework.test.context.support.DefaultBootstrapContext(java.lang.Class,org.springframework.test.context.CacheAwareContextLoaderDelegate)]
15:46:59.008 [main] DEBUG org.springframework.test.context.BootstrapUtils - Instantiating TestContextBootstrapper for test class [com.example.demo.controller.PokeListControllerIntegrationTest] from class [org.springframework.boot.test.context.SpringBootTestContextBootstrapper]
15:46:59.038 [main] INFO org.springframework.boot.test.context.SpringBootTestContextBootstrapper - Neither @ContextConfiguration nor @ContextHierarchy found for test class [com.example.demo.controller.PokeListControllerIntegrationTest], using SpringBootContextLoader
15:46:59.049 [main] DEBUG org.springframework.test.context.support.AbstractContextLoader - Did not detect default resource location for test class [com.example.demo.controller.PokeListControllerIntegrationTest]: class path resource [com/example/demo/controller/PokeListControllerIntegrationTest-context.xml] does not exist
15:46:59.051 [main] DEBUG org.springframework.test.context.support.AbstractContextLoader - Did not detect default resource location for test class [com.example.demo.controller.PokeListControllerIntegrationTest]: class path resource [com/example/demo/controller/PokeListControllerIntegrationTestContext.groovy] does not exist
15:46:59.051 [main] INFO org.springframework.test.context.support.AbstractContextLoader - Could not detect default resource locations for test class [com.example.demo.controller.PokeListControllerIntegrationTest]: no resource found for suffixes {-context.xml, Context.groovy}.
15:46:59.053 [main] INFO org.springframework.test.context.support.AnnotationConfigContextLoaderUtils - Could not detect default configuration classes for test class [com.example.demo.controller.PokeListControllerIntegrationTest]: PokeListControllerIntegrationTest does not declare any static, non-private, non-final, nested classes annotated with @Configuration.
15:46:59.185 [main] DEBUG org.springframework.test.context.support.ActiveProfilesUtils - Could not find an 'annotation declaring class' for annotation type [org.springframework.test.context.ActiveProfiles] and class [com.example.demo.controller.PokeListControllerIntegrationTest]
15:46:59.359 [main] DEBUG org.springframework.context.annotation.ClassPathScanningCandidateComponentProvider - Identified candidate component class: file [C:\Users\Chris\Documents\Github\To-Do-List-WebApplication\PokePlanner\target\classes\com\example\demo\PokePlannerApplication.class]
15:46:59.364 [main] INFO org.springframework.boot.test.context.SpringBootTestContextBootstrapper - Found @SpringBootConfiguration com.example.demo.PokePlannerApplication for test class com.example.demo.controller.PokeListControllerIntegrationTest
15:46:59.709 [main] DEBUG org.springframework.boot.test.context.SpringBootTestContextBootstrapper - @TestExecutionListeners is not present for class [com.example.demo.controller.PokeListControllerIntegrationTest]: using defaults.
15:46:59.710 [main] INFO org.springframework.boot.test.context.SpringBootTestContextBootstrapper - Loaded default TestExecutionListener class names from location [META-INF/spring.factories]: [org.springframework.boot.test.mock.mockito.MockitoTestExecutionListener, org.springframework.boot.test.mock.mockito.ResetMocksTestExecutionListener, org.springframework.boot.test.autoconfigure.restdocs.RestDocsTestExecutionListener, org.springframework.boot.test.autoconfigure.web.client.MockRestServiceServerResetTestExecutionListener, org.springframework.boot.test.autoconfigure.web.servlet.MockMvcPrintOnlyOnFailureTestExecutionListener, org.springframework.boot.test.autoconfigure.web.servlet.WebDriverTestExecutionListener, org.springframework.boot.test.autoconfigure.webservices.client.MockWebServiceServerTestExecutionListener, org.springframework.test.context.web.ServletTestExecutionListener, org.springframework.test.context.support.DirtiesContextBeforeModesTestExecutionListener, org.springframework.test.context.event.ApplicationEventsTestExecutionListener, org.springframework.test.context.support.DependencyInjectionTestExecutionListener, org.springframework.test.context.support.DirtiesContextTestExecutionListener, org.springframework.test.context.transaction.TransactionalTestExecutionListener, org.springframework.test.context.jdbc.SqlScriptsTestExecutionListener, org.springframework.test.context.event.EventPublishingTestExecutionListener]
15:46:59.790 [main] INFO org.springframework.boot.test.context.SpringBootTestContextBootstrapper - Using TestExecutionListeners: [org.springframework.test.context.web.ServletTestExecutionListener@5629510, org.springframework.test.context.support.DirtiesContextBeforeModesTestExecutionListener@4df5bcb4, org.springframework.test.context.event.ApplicationEventsTestExecutionListener@12c7a01b, org.springframework.boot.test.mock.mockito.MockitoTestExecutionListener@13d9b21f, org.springframework.boot.test.autoconfigure.SpringBootDependencyInjectionTestExecutionListener@2826f61, org.springframework.test.context.support.DirtiesContextTestExecutionListener@62727399, org.springframework.test.context.transaction.TransactionalTestExecutionListener@4d9ac0b4, org.springframework.test.context.jdbc.SqlScriptsTestExecutionListener@130dca52, org.springframework.test.context.event.EventPublishingTestExecutionListener@2654635, org.springframework.boot.test.mock.mockito.ResetMocksTestExecutionListener@737a135b, org.springframework.boot.test.autoconfigure.restdocs.RestDocsTestExecutionListener@687ef2e0, org.springframework.boot.test.autoconfigure.web.client.MockRestServiceServerResetTestExecutionListener@15dcfae7, org.springframework.boot.test.autoconfigure.web.servlet.MockMvcPrintOnlyOnFailureTestExecutionListener@3da05287, org.springframework.boot.test.autoconfigure.web.servlet.WebDriverTestExecutionListener@1e636ea3, org.springframework.boot.test.autoconfigure.webservices.client.MockWebServiceServerTestExecutionListener@115667d]
15:46:59.817 [main] DEBUG org.springframework.test.context.support.AbstractDirtiesContextTestExecutionListener - Before test class: context [DefaultTestContext@eda25e5 testClass = PokeListControllerIntegrationTest, testInstance = [null], testMethod = [null], testException = [null], mergedContextConfiguration = [WebMergedContextConfiguration@7cf6a5f9 testClass = PokeListControllerIntegrationTest, locations = '{}', classes = '{class com.example.demo.PokePlannerApplication}', contextInitializerClasses = '[]', activeProfiles = '{}', propertySourceLocations = '{}', propertySourceProperties = '{org.springframework.boot.test.context.SpringBootTestContextBootstrapper=true, server.port=0}', contextCustomizers = set[[ImportsContextCustomizer@623e088f key = [org.springframework.boot.test.autoconfigure.web.servlet.MockMvcAutoConfiguration, org.springframework.boot.test.autoconfigure.web.servlet.MockMvcWebClientAutoConfiguration, org.springframework.boot.test.autoconfigure.web.servlet.MockMvcWebDriverAutoConfiguration, org.springframework.boot.autoconfigure.security.oauth2.client.servlet.OAuth2ClientAutoConfiguration, org.springframework.boot.autoconfigure.security.oauth2.resource.servlet.OAuth2ResourceServerAutoConfiguration, org.springframework.boot.autoconfigure.security.servlet.SecurityAutoConfiguration, org.springframework.boot.autoconfigure.security.servlet.SecurityFilterAutoConfiguration, org.springframework.boot.autoconfigure.security.servlet.UserDetailsServiceAutoConfiguration, org.springframework.boot.test.autoconfigure.web.servlet.MockMvcSecurityConfiguration]], org.springframework.boot.test.context.filter.ExcludeFilterContextCustomizer@35841320, org.springframework.boot.test.json.DuplicateJsonObjectContextCustomizerFactory$DuplicateJsonObjectContextCustomizer@1040be71, org.springframework.boot.test.mock.mockito.MockitoContextCustomizer@0, org.springframework.boot.test.web.client.TestRestTemplateContextCustomizer@4d1bf319, org.springframework.boot.test.autoconfigure.actuate.metrics.MetricsExportContextCustomizerFactory$DisableMetricExportContextCustomizer@7a5ceedd, org.springframework.boot.test.autoconfigure.properties.PropertyMappingContextCustomizer@4b3fa0b3, org.springframework.boot.test.autoconfigure.web.servlet.WebDriverContextCustomizerFactory$Customizer@55cb6996, org.springframework.boot.test.context.SpringBootTestArgs@1, org.springframework.boot.test.context.SpringBootTestWebEnvironment@8646db9], resourceBasePath = 'src/main/webapp', contextLoader = 'org.springframework.boot.test.context.SpringBootContextLoader', parent = [null]], attributes = map['org.springframework.test.context.web.ServletTestExecutionListener.activateListener' -> false]], class annotated with @DirtiesContext [false] with mode [null].
15:46:59.866 [main] DEBUG org.springframework.test.context.support.DependencyInjectionTestExecutionListener - Performing dependency injection for test context [[DefaultTestContext@eda25e5 testClass = PokeListControllerIntegrationTest, testInstance = com.example.demo.controller.PokeListControllerIntegrationTest@56f0cc85, testMethod = [null], testException = [null], mergedContextConfiguration = [WebMergedContextConfiguration@7cf6a5f9 testClass = PokeListControllerIntegrationTest, locations = '{}', classes = '{class com.example.demo.PokePlannerApplication}', contextInitializerClasses = '[]', activeProfiles = '{}', propertySourceLocations = '{}', propertySourceProperties = '{org.springframework.boot.test.context.SpringBootTestContextBootstrapper=true, server.port=0}', contextCustomizers = set[[ImportsContextCustomizer@623e088f key = [org.springframework.boot.test.autoconfigure.web.servlet.MockMvcAutoConfiguration, org.springframework.boot.test.autoconfigure.web.servlet.MockMvcWebClientAutoConfiguration, org.springframework.boot.test.autoconfigure.web.servlet.MockMvcWebDriverAutoConfiguration, org.springframework.boot.autoconfigure.security.oauth2.client.servlet.OAuth2ClientAutoConfiguration, org.springframework.boot.autoconfigure.security.oauth2.resource.servlet.OAuth2ResourceServerAutoConfiguration, org.springframework.boot.autoconfigure.security.servlet.SecurityAutoConfiguration, org.springframework.boot.autoconfigure.security.servlet.SecurityFilterAutoConfiguration, org.springframework.boot.autoconfigure.security.servlet.UserDetailsServiceAutoConfiguration, org.springframework.boot.test.autoconfigure.web.servlet.MockMvcSecurityConfiguration]], org.springframework.boot.test.context.filter.ExcludeFilterContextCustomizer@35841320, org.springframework.boot.test.json.DuplicateJsonObjectContextCustomizerFactory$DuplicateJsonObjectContextCustomizer@1040be71, org.springframework.boot.test.mock.mockito.MockitoContextCustomizer@0, org.springframework.boot.test.web.client.TestRestTemplateContextCustomizer@4d1bf319, org.springframework.boot.test.autoconfigure.actuate.metrics.MetricsExportContextCustomizerFactory$DisableMetricExportContextCustomizer@7a5ceedd, org.springframework.boot.test.autoconfigure.properties.PropertyMappingContextCustomizer@4b3fa0b3, org.springframework.boot.test.autoconfigure.web.servlet.WebDriverContextCustomizerFactory$Customizer@55cb6996, org.springframework.boot.test.context.SpringBootTestArgs@1, org.springframework.boot.test.context.SpringBootTestWebEnvironment@8646db9], resourceBasePath = 'src/main/webapp', contextLoader = 'org.springframework.boot.test.context.SpringBootContextLoader', parent = [null]], attributes = map['org.springframework.test.context.web.ServletTestExecutionListener.activateListener' -> false, 'org.springframework.test.context.event.ApplicationEventsTestExecutionListener.recordApplicationEvents' -> false]]].
15:46:59.927 [main] DEBUG org.springframework.test.context.support.TestPropertySourceUtils - Adding inlined properties to environment: {spring.jmx.enabled=false, org.springframework.boot.test.context.SpringBootTestContextBootstrapper=true, server.port=0}

  .   ____          _            __ _ _
 /\\ / ___'_ __ _ _(_)_ __  __ _ \ \ \ \
( ( )\___ | '_ | '_| | '_ \/ _` | \ \ \ \
 \\/  ___)| |_)| | | | | || (_| |  ) ) ) )
  '  |____| .__|_| |_|_| |_\__, | / / / /
 =========|_|==============|___/=/_/_/_/
 :: Spring Boot ::                (v2.4.3)

2021-03-22 15:47:00.634  INFO 23488 --- [           main] .e.d.c.PokeListControllerIntegrationTest : Starting PokeListControllerIntegrationTest using Java 14.0.2 on LAPTOP-CTTBPFDI with PID 23488 (started by Chris in C:\Users\Chris\Documents\Github\To-Do-List-WebApplication\PokePlanner)
2021-03-22 15:47:00.638  INFO 23488 --- [           main] .e.d.c.PokeListControllerIntegrationTest : No active profile set, falling back to default profiles: default
2021-03-22 15:47:02.275  INFO 23488 --- [           main] .s.d.r.c.RepositoryConfigurationDelegate : Bootstrapping Spring Data JPA repositories in DEFAULT mode.
2021-03-22 15:47:02.431  INFO 23488 --- [           main] .s.d.r.c.RepositoryConfigurationDelegate : Finished Spring Data repository scanning in 138 ms. Found 2 JPA repository interfaces.
2021-03-22 15:47:04.037  INFO 23488 --- [           main] o.s.b.w.embedded.tomcat.TomcatWebServer  : Tomcat initialized with port(s): 0 (http)
2021-03-22 15:47:04.057  INFO 23488 --- [           main] o.apache.catalina.core.StandardService   : Starting service [Tomcat]
2021-03-22 15:47:04.057  INFO 23488 --- [           main] org.apache.catalina.core.StandardEngine  : Starting Servlet engine: [Apache Tomcat/9.0.43]
2021-03-22 15:47:04.314  INFO 23488 --- [           main] o.a.c.c.C.[Tomcat].[localhost].[/]       : Initializing Spring embedded WebApplicationContext
2021-03-22 15:47:04.315  INFO 23488 --- [           main] w.s.c.ServletWebServerApplicationContext : Root WebApplicationContext: initialization completed in 3629 ms
2021-03-22 15:47:04.780  INFO 23488 --- [           main] com.zaxxer.hikari.HikariDataSource       : HikariPool-1 - Starting...
2021-03-22 15:47:05.221  INFO 23488 --- [           main] com.zaxxer.hikari.HikariDataSource       : HikariPool-1 - Start completed.
2021-03-22 15:47:05.374  INFO 23488 --- [           main] o.hibernate.jpa.internal.util.LogHelper  : HHH000204: Processing PersistenceUnitInfo [name: default]
2021-03-22 15:47:05.565  INFO 23488 --- [           main] org.hibernate.Version                    : HHH000412: Hibernate ORM core version 5.4.28.Final
2021-03-22 15:47:05.974  INFO 23488 --- [           main] o.hibernate.annotations.common.Version   : HCANN000001: Hibernate Commons Annotations {5.1.2.Final}
2021-03-22 15:47:06.316  INFO 23488 --- [           main] org.hibernate.dialect.Dialect            : HHH000400: Using dialect: org.hibernate.dialect.H2Dialect
2021-03-22 15:47:07.903  INFO 23488 --- [           main] o.h.e.t.j.p.i.JtaPlatformInitiator       : HHH000490: Using JtaPlatform implementation: [org.hibernate.engine.transaction.jta.platform.internal.NoJtaPlatform]
2021-03-22 15:47:07.921  INFO 23488 --- [           main] j.LocalContainerEntityManagerFactoryBean : Initialized JPA EntityManagerFactory for persistence unit 'default'
2021-03-22 15:47:09.057  WARN 23488 --- [           main] JpaBaseConfiguration$JpaWebConfiguration : spring.jpa.open-in-view is enabled by default. Therefore, database queries may be performed during view rendering. Explicitly configure spring.jpa.open-in-view to disable this warning
2021-03-22 15:47:09.641  INFO 23488 --- [           main] o.s.s.concurrent.ThreadPoolTaskExecutor  : Initializing ExecutorService 'applicationTaskExecutor'
2021-03-22 15:47:10.386  INFO 23488 --- [           main] o.a.c.c.C.[Tomcat].[localhost].[/]       : Initializing Spring TestDispatcherServlet ''
2021-03-22 15:47:10.386  INFO 23488 --- [           main] o.s.t.web.servlet.TestDispatcherServlet  : Initializing Servlet ''
2021-03-22 15:47:10.387  INFO 23488 --- [           main] o.s.t.web.servlet.TestDispatcherServlet  : Completed initialization in 1 ms
2021-03-22 15:47:10.558  INFO 23488 --- [           main] o.s.b.w.embedded.tomcat.TomcatWebServer  : Tomcat started on port(s): 55770 (http) with context path ''
2021-03-22 15:47:10.571  INFO 23488 --- [           main] .e.d.c.PokeListControllerIntegrationTest : Started PokeListControllerIntegrationTest in 10.64 seconds (JVM running for 13.198)
]]></system-out>
  </testcase>
  <testcase name="updatePokeListTest" classname="com.example.demo.controller.PokeListControllerIntegrationTest" time="0">
    <skipped message="public void com.example.demo.controller.PokeListControllerIntegrationTest.updatePokeListTest() throws java.lang.Exception is @Disabled"/>
  </testcase>
  <testcase name="getAllPokeListTest" classname="com.example.demo.controller.PokeListControllerIntegrationTest" time="0">
    <skipped message="public void com.example.demo.controller.PokeListControllerIntegrationTest.getAllPokeListTest() throws java.lang.Exception is @Disabled"/>
  </testcase>
  <testcase name="getDuckByNameTest" classname="com.example.demo.controller.PokeListControllerIntegrationTest" time="0">
    <skipped message="public void com.example.demo.controller.PokeListControllerIntegrationTest.getDuckByNameTest() throws java.lang.Exception is @Disabled"/>
  </testcase>
  <testcase name="getDuckByIdTest" classname="com.example.demo.controller.PokeListControllerIntegrationTest" time="0">
    <skipped message="public void com.example.demo.controller.PokeListControllerIntegrationTest.getDuckByIdTest() throws java.lang.Exception is @Disabled"/>
  </testcase>
  <testcase name="createPokeListTest" classname="com.example.demo.controller.PokeListControllerIntegrationTest" time="0">
    <skipped message="public void com.example.demo.controller.PokeListControllerIntegrationTest.createPokeListTest() throws java.lang.Exception is @Disabled"/>
  </testcase>
</testsuite>